<?xml version="1.0" encoding="UTF-8"?>
<testsuite xmlns:xsi="http://www.w3.org/2001/XMLSchema-instance" xsi:noNamespaceSchemaLocation="https://maven.apache.org/surefire/maven-surefire-plugin/xsd/surefire-test-report-3.0.xsd" version="3.0" name="com.tim.foodwastetracker.repository.UserRepositoryTest" time="2.129" tests="2" errors="0" skipped="0" failures="0">
  <properties>
[...]
</properties>
  <testcase name="itShouldNotFindUserByEmail" classname="com.tim.foodwastetracker.repository.UserRepositoryTest" time="0.426">
    <system-out><![CDATA[2023-09-27 13:29:38.802  INFO Tims-MacBook-Pro.fritz.box --- [           main] t.c.s.AnnotationConfigContextLoaderUtils : Could not detect default configuration classes for test class [com.tim.foodwastetracker.repository.UserRepositoryTest]: UserRepositoryTest does not declare any static, non-private, non-final, nested classes annotated with @Configuration.
2023-09-27 13:29:38.853  INFO Tims-MacBook-Pro.fritz.box --- [           main] .b.t.c.SpringBootTestContextBootstrapper : Found @SpringBootConfiguration com.tim.foodwastetracker.FoodWasteTrackerApplication for test class com.tim.foodwastetracker.repository.UserRepositoryTest

  .   ____          _            __ _ _
 /\\ / ___'_ __ _ _(_)_ __  __ _ \ \ \ \
( ( )\___ | '_ | '_| | '_ \/ _` | \ \ \ \
 \\/  ___)| |_)| | | | | || (_| |  ) ) ) )
  '  |____| .__|_| |_|_| |_\__, | / / / /
 =========|_|==============|___/=/_/_/_/
 :: Spring Boot ::                (v3.1.4)

2023-09-27 13:29:39.007  INFO Tims-MacBook-Pro.fritz.box --- [           main] c.t.f.r.UserRepositoryTest               : Starting UserRepositoryTest using Java 20.0.2 with PID 72224 (started by timhartmann in /Users/timhartmann/Desktop/Food-Waste-Tracker)
2023-09-27 13:29:39.008 DEBUG Tims-MacBook-Pro.fritz.box --- [           main] c.t.f.r.UserRepositoryTest               : Running with Spring Boot v3.1.4, Spring v6.0.12
2023-09-27 13:29:39.008  INFO Tims-MacBook-Pro.fritz.box --- [           main] c.t.f.r.UserRepositoryTest               : No active profile set, falling back to 1 default profile: "default"
2023-09-27 13:29:39.170  INFO Tims-MacBook-Pro.fritz.box --- [           main] .s.d.r.c.RepositoryConfigurationDelegate : Bootstrapping Spring Data JPA repositories in DEFAULT mode.
2023-09-27 13:29:39.200  INFO Tims-MacBook-Pro.fritz.box --- [           main] .s.d.r.c.RepositoryConfigurationDelegate : Finished Spring Data repository scanning in 26 ms. Found 3 JPA repository interfaces.
2023-09-27 13:29:39.227  INFO Tims-MacBook-Pro.fritz.box --- [           main] beddedDataSourceBeanFactoryPostProcessor : Replacing 'dataSource' DataSource bean with embedded version
2023-09-27 13:29:39.298  INFO Tims-MacBook-Pro.fritz.box --- [           main] o.s.j.d.e.EmbeddedDatabaseFactory        : Starting embedded database: url='jdbc:h2:mem:1048756d-aa86-4122-9cf4-193b5e58a37c;DB_CLOSE_DELAY=-1;DB_CLOSE_ON_EXIT=false', username='sa'
2023-09-27 13:29:39.449  INFO Tims-MacBook-Pro.fritz.box --- [           main] o.h.j.i.u.LogHelper                      : HHH000204: Processing PersistenceUnitInfo [name: default]
2023-09-27 13:29:39.483  INFO Tims-MacBook-Pro.fritz.box --- [           main] o.h.Version                              : HHH000412: Hibernate ORM core version 6.2.9.Final
2023-09-27 13:29:39.484  INFO Tims-MacBook-Pro.fritz.box --- [           main] o.h.c.Environment                        : HHH000406: Using bytecode reflection optimizer
2023-09-27 13:29:39.543  INFO Tims-MacBook-Pro.fritz.box --- [           main] o.h.b.i.BytecodeProviderInitiator        : HHH000021: Bytecode provider name : bytebuddy
2023-09-27 13:29:39.597  INFO Tims-MacBook-Pro.fritz.box --- [           main] o.s.o.j.p.SpringPersistenceUnitInfo      : No LoadTimeWeaver setup: ignoring JPA class transformer
2023-09-27 13:29:39.708  INFO Tims-MacBook-Pro.fritz.box --- [           main] o.h.b.i.BytecodeProviderInitiator        : HHH000021: Bytecode provider name : bytebuddy
2023-09-27 13:29:40.008  INFO Tims-MacBook-Pro.fritz.box --- [           main] o.h.e.t.j.p.i.JtaPlatformInitiator       : HHH000490: Using JtaPlatform implementation: [org.hibernate.engine.transaction.jta.platform.internal.NoJtaPlatform]
Hibernate: drop table if exists food_item cascade 
Hibernate: drop table if exists food_waste_record cascade 
Hibernate: drop table if exists users cascade 
Hibernate: create table food_item (created_at date, expiration_date date, quantity float(53), updated_at date, food_id bigint generated by default as identity, user_user_id bigint, brand varchar(255), food_category varchar(255) check (food_category in ('DAIRY','MEAT','FRUITS','VEGETABLES','GRAINS','SEAFOOD','SNACKS','BEVERAGES','SAUCES','OTHER')), product_name varchar(255), unit varchar(255) check (unit in ('GRAM','KILOGRAM','POUND','OUNCE','LITER','MILLILITER','CUP','TABLESPOON','TEASPOON','PIECE','PORTION','PACKAGE','CAN','BOTTLE')), primary key (food_id))
Hibernate: create table food_waste_record (created_at date, quantity float(53), waste_date date, food_item_food_id bigint unique, record_id bigint generated by default as identity, user_user_id bigint, location varchar(255), reason varchar(255) check (reason in ('ABGELAUFEN','VERDORBEN','NICHT_MEHR_BENÖTIGT')), unit varchar(255) check (unit in ('GRAM','KILOGRAM','POUND','OUNCE','LITER','MILLILITER','CUP','TABLESPOON','TEASPOON','PIECE','PORTION','PACKAGE','CAN','BOTTLE')), primary key (record_id))
Hibernate: create table users (created_at date, is_active boolean, updated_at date, user_role tinyint check (user_role between 0 and 1), user_id bigint generated by default as identity, email varchar(255), firstname varchar(255), lastname varchar(255), password varchar(255), primary key (user_id))
Hibernate: alter table if exists food_item add constraint FKgw5y170sglw9mg9i2jxbh8oa0 foreign key (user_user_id) references users
Hibernate: alter table if exists food_waste_record add constraint FKgp0knvhbk0dctfs7sexb3x5jm foreign key (food_item_food_id) references food_item
Hibernate: alter table if exists food_waste_record add constraint FK6l1y189uffn9uan5st6ubxgm1 foreign key (user_user_id) references users
2023-09-27 13:29:40.033  INFO Tims-MacBook-Pro.fritz.box --- [           main] j.LocalContainerEntityManagerFactoryBean : Initialized JPA EntityManagerFactory for persistence unit 'default'
2023-09-27 13:29:40.221  INFO Tims-MacBook-Pro.fritz.box --- [           main] c.t.f.r.UserRepositoryTest               : Started UserRepositoryTest in 1.336 seconds (process running for 1.966)
Hibernate: select u1_0.user_id,u1_0.created_at,u1_0.email,u1_0.firstname,u1_0.is_active,u1_0.lastname,u1_0.password,u1_0.updated_at,u1_0.user_role from users u1_0 where u1_0.user_id=?
Hibernate: insert into users (created_at,email,firstname,is_active,lastname,password,updated_at,user_role,user_id) values (?,?,?,?,?,?,?,?,default)
Hibernate: select u1_0.user_id,u1_0.created_at,u1_0.email,u1_0.firstname,u1_0.is_active,u1_0.lastname,u1_0.password,u1_0.updated_at,u1_0.user_role from users u1_0 where u1_0.email=?
]]></system-out>
  </testcase>
  <testcase name="itShouldFindUserByEmail" classname="com.tim.foodwastetracker.repository.UserRepositoryTest" time="0.007">
    <system-out><![CDATA[Hibernate: select u1_0.user_id,u1_0.created_at,u1_0.email,u1_0.firstname,u1_0.is_active,u1_0.lastname,u1_0.password,u1_0.updated_at,u1_0.user_role from users u1_0 where u1_0.user_id=?
Hibernate: insert into users (created_at,email,firstname,is_active,lastname,password,updated_at,user_role,user_id) values (?,?,?,?,?,?,?,?,default)
Hibernate: select u1_0.user_id,u1_0.created_at,u1_0.email,u1_0.firstname,u1_0.is_active,u1_0.lastname,u1_0.password,u1_0.updated_at,u1_0.user_role from users u1_0 where u1_0.email=?
]]></system-out>
  </testcase>
</testsuite>